<?xml version="1.0" encoding="UTF-8"?>
<!-- Generated by org.testng.reporters.JUnitReportReporter -->
<testsuite skipped="1" hostname="LAPTOP-JVNL5G83" name="com.carbonite.qa.tests.CompareBackUpPlanTest" tests="2" failures="0" timestamp="23 Nov 2020 20:00:26 GMT" time="47.556" errors="0">
  <testcase name="getTitleOfThePage" time="17.789" classname="com.carbonite.qa.tests.CompareBackUpPlanTest"/>
  <testcase name="getTitleOfThePage" time="29.767" classname="com.carbonite.qa.tests.CompareBackUpPlanTest">
    <skipped/>
  </testcase> <!-- getTitleOfThePage -->
</testsuite> <!-- com.carbonite.qa.tests.CompareBackUpPlanTest -->
