<?xml version="1.0" encoding="UTF-8"?>
<!-- Generated by org.testng.reporters.JUnitReportReporter -->
<testsuite skipped="0" hostname="LAPTOP-JVNL5G83" name="com.carbonite.qa.tests.CompareBackUpPlanTest" tests="1" failures="0" timestamp="08 Sep 2020 15:29:37 GMT" time="26.490" errors="0">
  <testcase name="getTitleOfThePage" time="26.490" classname="com.carbonite.qa.tests.CompareBackUpPlanTest"/>
</testsuite> <!-- com.carbonite.qa.tests.CompareBackUpPlanTest -->
