<?xml version="1.0" encoding="UTF-8"?>
<!-- Generated by org.testng.reporters.JUnitReportReporter -->
<testsuite skipped="0" hostname="LAPTOP-JVNL5G83" name="com.carbonite.qa.tests.BuisnessSolutionPageTest" tests="1" failures="0" timestamp="11 Aug 2020 07:58:29 GMT" time="9.753" errors="0">
  <testcase name="getTitleOfThePage" time="9.753" classname="com.carbonite.qa.tests.BuisnessSolutionPageTest"/>
</testsuite> <!-- com.carbonite.qa.tests.BuisnessSolutionPageTest -->
