<?xml version="1.0" encoding="UTF-8"?>
<!-- Generated by org.testng.reporters.JUnitReportReporter -->
<testsuite skipped="0" hostname="LAPTOP-JVNL5G83" name="com.carbonite.qa.tests.BuisnessSolutionPageTest" tests="1" failures="0" timestamp="23 Nov 2020 20:00:26 GMT" time="17.504" errors="0">
  <testcase name="getTitleOfThePage" time="17.504" classname="com.carbonite.qa.tests.BuisnessSolutionPageTest"/>
</testsuite> <!-- com.carbonite.qa.tests.BuisnessSolutionPageTest -->
