<?xml version="1.0" encoding="UTF-8"?>
<!-- Generated by org.testng.reporters.JUnitReportReporter -->
<testsuite skipped="1" hostname="LAPTOP-JVNL5G83" name="com.carbonite.qa.tests.SignUpPageTest" tests="4" failures="0" timestamp="23 Nov 2020 20:00:26 GMT" time="36.852" errors="0">
  <testcase name="fillSignUpFormWithNegativeTestData" time="18.917" classname="com.carbonite.qa.tests.SignUpPageTest"/>
  <testcase name="fillSignUpFormWithNegativeTestData" time="9.827" classname="com.carbonite.qa.tests.SignUpPageTest"/>
  <testcase name="test" time="8.108" classname="com.carbonite.qa.tests.SignUpPageTest"/>
  <testcase name="fillSignUpFormWithValidTestData" classname="com.carbonite.qa.tests.SignUpPageTest">
    <skipped/>
  </testcase> <!-- fillSignUpFormWithValidTestData -->
</testsuite> <!-- com.carbonite.qa.tests.SignUpPageTest -->
