<?xml version="1.0" encoding="UTF-8"?>
<!-- Generated by org.testng.reporters.JUnitReportReporter -->
<testsuite skipped="1" hostname="LAPTOP-JVNL5G83" name="com.carbonite.qa.tests.SignUpPageTest" tests="4" failures="0" timestamp="05 Nov 2020 18:38:29 GMT" time="26.174" errors="0">
  <testcase name="fillSignUpFormWithNegativeTestData" time="8.868" classname="com.carbonite.qa.tests.SignUpPageTest"/>
  <testcase name="fillSignUpFormWithNegativeTestData" time="8.910" classname="com.carbonite.qa.tests.SignUpPageTest"/>
  <testcase name="test" time="8.396" classname="com.carbonite.qa.tests.SignUpPageTest"/>
  <testcase name="fillSignUpFormWithValidTestData" classname="com.carbonite.qa.tests.SignUpPageTest">
    <skipped/>
  </testcase> <!-- fillSignUpFormWithValidTestData -->
</testsuite> <!-- com.carbonite.qa.tests.SignUpPageTest -->
