<?xml version="1.0" encoding="UTF-8"?>
<!-- Generated by org.testng.reporters.JUnitReportReporter -->
<testsuite skipped="0" hostname="LAPTOP-JVNL5G83" name="com.carbonite.qa.tests.BuisnessSolutionPageTest" tests="1" failures="0" timestamp="05 Nov 2020 18:38:29 GMT" time="10.381" errors="0">
  <testcase name="getTitleOfThePage" time="10.381" classname="com.carbonite.qa.tests.BuisnessSolutionPageTest"/>
</testsuite> <!-- com.carbonite.qa.tests.BuisnessSolutionPageTest -->
