<?xml version="1.0" encoding="UTF-8"?>
<!-- Generated by org.testng.reporters.JUnitReportReporter -->
<testsuite skipped="0" hostname="LAPTOP-JVNL5G83" name="com.carbonite.qa.tests.AllProductsPageTest" tests="3" failures="0" timestamp="23 Nov 2020 18:42:18 GMT" time="54.429" errors="0">
  <testcase name="test1" time="12.887" classname="com.carbonite.qa.tests.AllProductsPageTest"/>
  <testcase name="learnMoreClickTest" time="23.888" classname="com.carbonite.qa.tests.AllProductsPageTest"/>
  <testcase name="learnMoreClickTest" time="17.654" classname="com.carbonite.qa.tests.AllProductsPageTest"/>
</testsuite> <!-- com.carbonite.qa.tests.AllProductsPageTest -->
