<?xml version="1.0" encoding="UTF-8"?>
<!-- Generated by org.testng.reporters.JUnitReportReporter -->
<testsuite skipped="1" hostname="LAPTOP-JVNL5G83" name="com.carbonite.qa.tests.SignUpPageTest" tests="3" failures="0" timestamp="11 Aug 2020 09:21:01 GMT" time="19.668" errors="0">
  <testcase name="fillSignUpFormWithNegativeTestData" time="10.354" classname="com.carbonite.qa.tests.SignUpPageTest"/>
  <testcase name="fillSignUpFormWithNegativeTestData" time="9.314" classname="com.carbonite.qa.tests.SignUpPageTest"/>
  <testcase name="test" classname="com.carbonite.qa.tests.SignUpPageTest">
    <skipped/>
  </testcase> <!-- test -->
</testsuite> <!-- com.carbonite.qa.tests.SignUpPageTest -->
