<?xml version="1.0" encoding="UTF-8"?>
<!-- Generated by org.testng.reporters.JUnitReportReporter -->
<testsuite skipped="1" hostname="LAPTOP-JVNL5G83" name="com.carbonite.qa.tests.SignUpPageTest" tests="6" failures="0" timestamp="11 Aug 2020 08:24:33 GMT" time="69.523" errors="0">
  <testcase name="fillSignUpFormWithValidTestData" time="12.144" classname="com.carbonite.qa.tests.SignUpPageTest"/>
  <testcase name="fillSignUpFormWithValidTestData" time="12.565" classname="com.carbonite.qa.tests.SignUpPageTest"/>
  <testcase name="fillSignUpFormWithValidTestData" time="17.432" classname="com.carbonite.qa.tests.SignUpPageTest"/>
  <testcase name="fillSignUpFormWithNegativeTestData" time="17.992" classname="com.carbonite.qa.tests.SignUpPageTest"/>
  <testcase name="fillSignUpFormWithNegativeTestData" time="9.390" classname="com.carbonite.qa.tests.SignUpPageTest"/>
  <testcase name="test" classname="com.carbonite.qa.tests.SignUpPageTest">
    <skipped/>
  </testcase> <!-- test -->
</testsuite> <!-- com.carbonite.qa.tests.SignUpPageTest -->
